<?xml version="1.0" encoding="UTF-8"?>
<testsuite xmlns:xsi="http://www.w3.org/2001/XMLSchema-instance" xsi:noNamespaceSchemaLocation="https://maven.apache.org/surefire/maven-surefire-plugin/xsd/surefire-test-report-3.0.xsd" version="3.0" name="hello.GreeterTest" time="0.043" tests="1" errors="0" skipped="0" failures="0">
  <properties>
    <property name="java.specification.version" value="21"/>
    <property name="sun.cpu.isalist" value="amd64"/>
    <property name="sun.jnu.encoding" value="Cp1252"/>
    <property name="java.class.path" value="D:\project\spring-boot-sample-project\target\test-classes;D:\project\spring-boot-sample-project\target\classes;C:\Users\n.akbari\.m2\repository\joda-time\joda-time\2.9.2\joda-time-2.9.2.jar;C:\Users\n.akbari\.m2\repository\junit\junit\4.12\junit-4.12.jar;C:\Users\n.akbari\.m2\repository\org\hamcrest\hamcrest-core\1.3\hamcrest-core-1.3.jar;"/>
    <property name="java.vm.vendor" value="Oracle Corporation"/>
    <property name="sun.arch.data.model" value="64"/>
    <property name="user.variant" value=""/>
    <property name="java.vendor.url" value="https://java.oracle.com/"/>
    <property name="user.timezone" value="GMT+03:30"/>
    <property name="os.name" value="Windows 10"/>
    <property name="java.vm.specification.version" value="21"/>
    <property name="sun.java.launcher" value="SUN_STANDARD"/>
    <property name="user.country" value="US"/>
    <property name="sun.boot.library.path" value="C:\Users\n.akbari\.jdks\jdk-21\bin"/>
    <property name="sun.java.command" value="C:\Users\n.akbari\AppData\Local\Temp\surefire8625007801114835002\surefirebooter-20250830130425097_3.jar C:\Users\n.akbari\AppData\Local\Temp\surefire8625007801114835002 2025-08-30T13-04-24_993-jvmRun1 surefire-20250830130425097_1tmp surefire_0-20250830130425097_2tmp"/>
    <property name="jdk.debug" value="release"/>
    <property name="surefire.test.class.path" value="D:\project\spring-boot-sample-project\target\test-classes;D:\project\spring-boot-sample-project\target\classes;C:\Users\n.akbari\.m2\repository\joda-time\joda-time\2.9.2\joda-time-2.9.2.jar;C:\Users\n.akbari\.m2\repository\junit\junit\4.12\junit-4.12.jar;C:\Users\n.akbari\.m2\repository\org\hamcrest\hamcrest-core\1.3\hamcrest-core-1.3.jar;"/>
    <property name="sun.cpu.endian" value="little"/>
    <property name="user.home" value="C:\Users\n.akbari"/>
    <property name="user.language" value="en"/>
    <property name="java.specification.vendor" value="Oracle Corporation"/>
    <property name="java.version.date" value="2023-09-19"/>
    <property name="java.home" value="C:\Users\n.akbari\.jdks\jdk-21"/>
    <property name="file.separator" value="\"/>
    <property name="basedir" value="D:\project\spring-boot-sample-project"/>
    <property name="java.vm.compressedOopsMode" value="Zero based"/>
    <property name="line.separator" value="&#10;"/>
    <property name="java.vm.specification.vendor" value="Oracle Corporation"/>
    <property name="java.specification.name" value="Java Platform API Specification"/>
    <property name="surefire.real.class.path" value="C:\Users\n.akbari\AppData\Local\Temp\surefire8625007801114835002\surefirebooter-20250830130425097_3.jar"/>
    <property name="user.script" value=""/>
    <property name="sun.management.compiler" value="HotSpot 64-Bit Tiered Compilers"/>
    <property name="java.runtime.version" value="21+35-LTS-2513"/>
    <property name="user.name" value="n.akbari"/>
    <property name="stdout.encoding" value="Cp1252"/>
    <property name="path.separator" value=";"/>
    <property name="os.version" value="10.0"/>
    <property name="java.runtime.name" value="Java(TM) SE Runtime Environment"/>
    <property name="file.encoding" value="UTF-8"/>
    <property name="java.vm.name" value="Java HotSpot(TM) 64-Bit Server VM"/>
    <property name="localRepository" value="C:\Users\n.akbari\.m2\repository"/>
    <property name="java.vendor.url.bug" value="https://bugreport.java.com/bugreport/"/>
    <property name="java.io.tmpdir" value="C:\Users\N20B7~1.AKB\AppData\Local\Temp\"/>
    <property name="idea.version" value="2025.1.4.1"/>
    <property name="java.version" value="21"/>
    <property name="user.dir" value="D:\project\spring-boot-sample-project"/>
    <property name="os.arch" value="amd64"/>
    <property name="java.vm.specification.name" value="Java Virtual Machine Specification"/>
    <property name="sun.os.patch.level" value=""/>
    <property name="native.encoding" value="Cp1252"/>
    <property name="java.library.path" value="C:\Users\n.akbari\.jdks\jdk-21\bin;C:\Windows\Sun\Java\bin;C:\Windows\system32;C:\Windows;C:\Program Files\Common Files\Oracle\Java\javapath;C:\Program Files (x86)\Common Files\Oracle\Java\java8path;C:\Program Files (x86)\Common Files\Oracle\Java\javapath;C:\Windows\system32;C:\Windows;C:\Windows\System32\Wbem;C:\Windows\System32\WindowsPowerShell\v1.0\;C:\Windows\System32\OpenSSH\;C:\Program Files\Git\cmd;C:\Users\h.heydarian\Downloads\apache-maven-3.8.4\bin;C:\Program Files (x86)\Calibre2\;C:\Program Files\Microsoft VS Code\bin;C:\Program Files\Exiftool;C:\Users\n.akbari\AppData\Roaming\nvm;C:\Program Files\nodejs;C:\Program Files\Cloudflare\Cloudflare WARP\;C:\Program Files\Memurai\;C:\Program Files\Java\apache-maven-3.9.9-bin\apache-maven-3.9.9\bin;C:\Program Files\Java\jdk-22\bin;;C:\Program Files\Docker\Docker\resources\bin;C:\Program Files\dotnet\;C:\ProgramData\chocolatey\bin;C:\Program Files\Common Files\Oracle\Java\javapath;C:\Program Files (x86)\Common Files\Oracle\Java\javapath;C:\Windows\system32;C:\Windows;C:\Windows\System32\Wbem;C:\Windows\System32\WindowsPowerShell\v1.0\;C:\Windows\System32\OpenSSH\;C:\Program Files\Git\cmd;C:\Users\h.heydarian\Downloads\apache-maven-3.8.4\bin;C:\Program Files (x86)\Calibre2\;C:\Program Files\Microsoft VS Code\bin;C:\Program Files\Exiftool;C:\Users\n.akbari\AppData\Roaming\nvm;C:\Program Files\nodejs;C:\Program Files\Cloudflare\Cloudflare WARP\;C:\Program Files\Memurai\;C:\Users\n.akbari\AppData\Local\Programs\Python\Python311\Scripts\;C:\Users\n.akbari\AppData\Local\Programs\Python\Python311\;C:\Program Files\MySQL\MySQL Shell 8.0\bin\;C:\Program Files\apache-maven-3.8.5\bin;C:\Program Files\JetBrains\IntelliJ IDEA 2023.3.1\bin;E:\kafka_2.12-2.0.0\bin\windows;C:\Users\n.akbari\AppData\Roaming\npm;C:\Program Files\OpenSSL-Win64\bin;C:\Users\n.akbari\AppData\Roaming\nvm;C:\Program Files\nodejs;C:\Program Files\JetBrains\DataGrip 2023.2\bin;C:\Users\n.akbari\.jdks\openjdk-22.0.1\bin;C:\Program Files\Java\jdk-22\bin;C:\Users\n.akbari\.otel;C:\Users\n.akbari\.dotnet\tools;C:\Program Files\JetBrains\JetBrains Rider 2025.1.2\bin;;."/>
    <property name="java.vm.info" value="mixed mode, sharing"/>
    <property name="stderr.encoding" value="Cp1252"/>
    <property name="java.vendor" value="Oracle Corporation"/>
    <property name="java.vm.version" value="21+35-LTS-2513"/>
    <property name="sun.io.unicode.encoding" value="UnicodeLittle"/>
    <property name="java.class.version" value="65.0"/>
  </properties>
  <testcase name="greeterSaysHello" classname="hello.GreeterTest" time="0.004"/>
</testsuite>